#
# A fatal error has been detected by the Java Runtime Environment:
#
#  SIGBUS (0xa) at pc=0x000000010360838f, pid=48760, tid=0x0000000000009903
#
# JRE version: OpenJDK Runtime Environment (8.0_112-b06) (build 1.8.0_112-release-b06)
# Java VM: OpenJDK 64-Bit Server VM (25.112-b06 mixed mode bsd-amd64 compressed oops)
# Problematic frame:
# v  ~BufferBlob::vtable chunks
#
# Failed to write core dump. Core dumps have been disabled. To enable core dumping, try "ulimit -c unlimited" before starting Java again
#
# If you would like to submit a bug report, please visit:
#   http://bugreport.java.com/bugreport/crash.jsp
#

---------------  T H R E A D  ---------------

Current thread (0x00007fdb1f6f7800):  JavaThread "pool-22-thread-4" [_thread_in_Java, id=39171, stack(0x0000000121bcf000,0x0000000121ccf000)]

siginfo: si_signo: 10 (SIGBUS), si_code: 2 (BUS_ADRERR), si_addr: 0x00000007c89ba868

Registers:
RAX=0x00000007c89ba650, RBX=0x000000076439b838, RCX=0x00000007a4237600, RDX=0x0000000000000000
RSP=0x0000000121cce098, RBP=0x0000000121cce220, RSI=0x000000076439b7d0, RDI=0x000000076439b7d0
R8 =0x00000007a4237618, R9 =0x00000000ec995582, R10=0x000000076439b838, R11=0x0000000000000001
R12=0x0000000000000000, R13=0x000000000f8eed58, R14=0x00000007a4237630, R15=0x00007fdb1f6f7800
RIP=0x000000010360838f, EFLAGS=0x0000000000010206, ERR=0x0000000000000004
  TRAPNO=0x000000000000000e

Top of Stack: (sp=0x0000000121cce098)
0x0000000121cce098:   000000010530ec9c 0000000121cce160
0x0000000121cce0a8:   00000001034fdffd 0000000000000871
0x0000000121cce0b8:   00000007650035e8 0000000766592ab0
0x0000000121cce0c8:   00000007650035e8 0000000763d4c118
0x0000000121cce0d8:   000000076439b838 000000076439b7b8
0x0000000121cce0e8:   000000000000020a 0000000121cce220
0x0000000121cce0f8:   0000000105e0884c 0000000121cce160
0x0000000121cce108:   00000001034fd815 00000001034fd815
0x0000000121cce118:   00000007a4218c68 0000089500000894
0x0000000121cce128:   00000007a03c7638 0000000100000003
0x0000000121cce138:   0000089000000009 00000007a4218de8
0x0000000121cce148:   0000000100000009 0000000000000000
0x0000000121cce158:   0000000121cce180 0000000121cce1c8
0x0000000121cce168:   00000001034fdffd 000000076653df98
0x0000000121cce178:   00000007a4218de8 00000007a42368b0
0x0000000121cce188:   0000000765c47298 00000007a42375e0
0x0000000121cce198:   000000076439b7b8 0000000000000000
0x0000000121cce1a8:   0000000000000000 0000000121cce220
0x0000000121cce1b8:   00000001034fdffd 0000000121cce1d8
0x0000000121cce1c8:   00000001034fdffd 00000007a4218de8
0x0000000121cce1d8:   0000000765c47298 0000000121cce1e0
0x0000000121cce1e8:   000000012077d70d 0000000121cce248
0x0000000121cce1f8:   0000000120784bc0 0000000000000000
0x0000000121cce208:   000000012077d790 0000000121cce1d0
0x0000000121cce218:   0000000121cce248 0000000121cce290
0x0000000121cce228:   00000001034fdd80 0000000000000000
0x0000000121cce238:   00000007a4218de8 00000007a4218c68
0x0000000121cce248:   00000007a0913890 0000000121cce250
0x0000000121cce258:   000000012077d569 0000000121cce2a8
0x0000000121cce268:   0000000120784bc0 0000000000000000
0x0000000121cce278:   000000012077d590 0000000121cce248
0x0000000121cce288:   0000000121cce2a0 0000000121cce2f0 

Instructions: (pc=0x000000010360838f)
0x000000010360836f:   00 00 00 00 00 00 00 00 00 00 00 00 00 00 00 00
0x000000010360837f:   00 0e 00 0e 00 00 00 01 00 8b 46 08 48 c1 e0 03
0x000000010360838f:   48 8b 98 18 02 00 00 ff 63 40 00 00 00 00 00 00
0x000000010360839f:   00 00 00 00 00 00 00 00 00 00 00 00 00 00 00 00 

Register to memory mapping:

RAX=0x00000007c89ba650 is an unknown value
RBX=0x000000076439b838 is an oop
com.android.dx.rop.code.RegisterSpecList 
 - klass: 'com/android/dx/rop/code/RegisterSpecList'
RCX=0x00000007a4237600 is an oop
com.android.dx.rop.code.RegisterSpecList 
 - klass: 'com/android/dx/rop/code/RegisterSpecList'
RDX=0x0000000000000000 is an unknown value
RSP=0x0000000121cce098 is pointing into the stack for thread: 0x00007fdb1f6f7800
RBP=0x0000000121cce220 is pointing into the stack for thread: 0x00007fdb1f6f7800
RSI=
[error occurred during error reporting (printing register info), id 0xa]

Stack: [0x0000000121bcf000,0x0000000121ccf000],  sp=0x0000000121cce098,  free space=1020k
Native frames: (J=compiled Java code, j=interpreted, Vv=VM code, C=native code)
v  ~BufferBlob::vtable chunks
j  com.android.dx.ssa.back.SsaToRop.convertToRopMethod(Lcom/android/dx/ssa/SsaMethod;Z)Lcom/android/dx/rop/code/RopMethod;+9
j  com.android.dx.ssa.Optimizer.optimize(Lcom/android/dx/rop/code/RopMethod;IZZLcom/android/dx/rop/code/TranslationAdvice;Ljava/util/EnumSet;)Lcom/android/dx/rop/code/RopMethod;+30
j  com.android.dx.ssa.Optimizer.optimize(Lcom/android/dx/rop/code/RopMethod;IZZLcom/android/dx/rop/code/TranslationAdvice;)Lcom/android/dx/rop/code/RopMethod;+11
j  com.android.dx.dex.cf.CfTranslator.processMethods(Lcom/android/dx/command/dexer/DxContext;Lcom/android/dx/cf/direct/DirectClassFile;Lcom/android/dx/dex/cf/CfOptions;Lcom/android/dx/dex/DexOptions;Lcom/android/dx/dex/file/ClassDefItem;Lcom/android/dx/dex/file/DexFile;)V+269
j  com.android.dx.dex.cf.CfTranslator.translate0(Lcom/android/dx/command/dexer/DxContext;Lcom/android/dx/cf/direct/DirectClassFile;[BLcom/android/dx/dex/cf/CfOptions;Lcom/android/dx/dex/DexOptions;Lcom/android/dx/dex/file/DexFile;)Lcom/android/dx/dex/file/ClassDefItem;+126
j  com.android.dx.dex.cf.CfTranslator.translate(Lcom/android/dx/command/dexer/DxContext;Lcom/android/dx/cf/direct/DirectClassFile;[BLcom/android/dx/dex/cf/CfOptions;Lcom/android/dx/dex/DexOptions;Lcom/android/dx/dex/file/DexFile;)Lcom/android/dx/dex/file/ClassDefItem;+8
j  com.android.dx.command.dexer.Main.translateClass([BLcom/android/dx/cf/direct/DirectClassFile;)Lcom/android/dx/dex/file/ClassDefItem;+24
j  com.android.dx.command.dexer.Main.access$2800(Lcom/android/dx/command/dexer/Main;[BLcom/android/dx/cf/direct/DirectClassFile;)Lcom/android/dx/dex/file/ClassDefItem;+3
j  com.android.dx.command.dexer.Main$ClassTranslatorTask.call()Lcom/android/dx/dex/file/ClassDefItem;+12
j  com.android.dx.command.dexer.Main$ClassTranslatorTask.call()Ljava/lang/Object;+1
J 11641 C2 java.util.concurrent.FutureTask.run()V (126 bytes) @ 0x00000001042a8754 [0x00000001042a86a0+0xb4]
j  java.util.concurrent.ThreadPoolExecutor.runWorker(Ljava/util/concurrent/ThreadPoolExecutor$Worker;)V+95
j  java.util.concurrent.ThreadPoolExecutor$Worker.run()V+5
j  java.lang.Thread.run()V+11
v  ~StubRoutines::call_stub
V  [libjvm.dylib+0x2df89a]  JavaCalls::call_helper(JavaValue*, methodHandle*, JavaCallArguments*, Thread*)+0x6ae
V  [libjvm.dylib+0x2e0028]  JavaCalls::call_virtual(JavaValue*, KlassHandle, Symbol*, Symbol*, JavaCallArguments*, Thread*)+0x164
V  [libjvm.dylib+0x2e01d4]  JavaCalls::call_virtual(JavaValue*, Handle, KlassHandle, Symbol*, Symbol*, Thread*)+0x4a
V  [libjvm.dylib+0x31dbd6]  thread_entry(JavaThread*, Thread*)+0x7c
V  [libjvm.dylib+0x53912d]  JavaThread::thread_main_inner()+0x9b
V  [libjvm.dylib+0x53a7e4]  JavaThread::run()+0x1c0
V  [libjvm.dylib+0x45bf0a]  java_start(Thread*)+0xf6
C  [libsystem_pthread.dylib+0x405a]  _pthread_body+0x83
C  [libsystem_pthread.dylib+0x3fd7]  _pthread_body+0x0
C  [libsystem_pthread.dylib+0x13ed]  thread_start+0xd
C  0x0000000000000000


---------------  P R O C E S S  ---------------

Java Threads: ( => current thread )
  0x00007fdb1ec01000 JavaThread "pool-37-thread-4" [_thread_in_Java, id=13079, stack(0x00000001215c3000,0x00000001216c3000)]
  0x00007fdb19d97800 JavaThread "pool-37-thread-3" [_thread_in_vm, id=24083, stack(0x00000001214c0000,0x00000001215c0000)]
  0x00007fdb1ec02000 JavaThread "pool-37-thread-2" [_thread_in_Java, id=35603, stack(0x00000001213bd000,0x00000001214bd000)]
  0x00007fdb1f6f2800 JavaThread "pool-38-thread-1" [_thread_blocked, id=31503, stack(0x00000001212ba000,0x00000001213ba000)]
  0x00007fdb1f203800 JavaThread "pool-37-thread-1" [_thread_in_Java, id=36879, stack(0x000000012089c000,0x000000012099c000)]
  0x00007fdb1ec04000 JavaThread "pool-34-thread-4" [_thread_in_Java, id=27415, stack(0x00000001211b7000,0x00000001212b7000)]
  0x00007fdb1ac66000 JavaThread "pool-34-thread-3" [_thread_in_Java, id=37651, stack(0x00000001210b4000,0x00000001211b4000)]
  0x00007fdb1f0d8000 JavaThread "pool-34-thread-2" [_thread_in_Java, id=14103, stack(0x0000000120fb1000,0x00000001210b1000)]
  0x00007fdb1e8ab800 JavaThread "pool-35-thread-1" [_thread_blocked, id=38151, stack(0x0000000120eae000,0x0000000120fae000)]
  0x00007fdb1a376800 JavaThread "pool-34-thread-1" [_thread_in_Java, id=28439, stack(0x000000011f6ad000,0x000000011f7ad000)]
  0x00007fdb1de4c000 JavaThread "pool-31-thread-4" [_thread_in_Java, id=28175, stack(0x0000000120ca8000,0x0000000120da8000)]
  0x00007fdb1f6f7000 JavaThread "pool-31-thread-2" [_thread_in_Java, id=32527, stack(0x000000012099f000,0x0000000120a9f000)]
  0x00007fdb19a04000 JavaThread "pool-32-thread-1" [_thread_blocked, id=38663, stack(0x0000000120799000,0x0000000120899000)]
=>0x00007fdb1f6f7800 JavaThread "pool-22-thread-4" [_thread_in_Java, id=39171, stack(0x0000000121bcf000,0x0000000121ccf000)]
  0x00007fdb1e646000 JavaThread "pool-23-thread-1" [_thread_blocked, id=35855, stack(0x0000000120aa2000,0x0000000120ba2000)]
  0x00007fdb1ec2d000 JavaThread "pool-8-thread-4" [_thread_blocked, id=28683, stack(0x0000000120dab000,0x0000000120eab000)]
  0x00007fdb1f187800 JavaThread "pool-8-thread-3" [_thread_blocked, id=27923, stack(0x000000011df19000,0x000000011e019000)]
  0x00007fdb1f487800 JavaThread "pool-8-thread-2" [_thread_in_Java, id=36363, stack(0x000000011cb13000,0x000000011cc13000)]
  0x00007fdb19c70000 JavaThread "pool-8-thread-1" [_thread_blocked, id=22287, stack(0x000000011c4d9000,0x000000011c5d9000)]
  0x00007fdb1e73e800 JavaThread "process reaper" daemon [_thread_blocked, id=30723, stack(0x000000011be3f000,0x000000011be67000)]
  0x00007fdb1e53e000 JavaThread "process reaper" daemon [_thread_blocked, id=30211, stack(0x000000011b956000,0x000000011b97e000)]
  0x00007fdb1eee0000 JavaThread "process reaper" daemon [_thread_blocked, id=29699, stack(0x000000011b92b000,0x000000011b953000)]
  0x00007fdb1e53d800 JavaThread "process reaper" daemon [_thread_blocked, id=29187, stack(0x000000011b836000,0x000000011b85e000)]
  0x00007fdb1ee86800 JavaThread "pool-3-thread-4" [_thread_blocked, id=26883, stack(0x000000011f0d9000,0x000000011f1d9000)]
  0x00007fdb1ef6d800 JavaThread "pool-3-thread-3" [_thread_blocked, id=26371, stack(0x000000011efd6000,0x000000011f0d6000)]
  0x00007fdb1e341800 JavaThread "pool-3-thread-2" [_thread_blocked, id=25859, stack(0x000000011ebe5000,0x000000011ece5000)]
  0x00007fdb1afec800 JavaThread "pool-3-thread-1" [_thread_blocked, id=25111, stack(0x000000011c002000,0x000000011c102000)]
  0x00007fdb1ef6f000 JavaThread "Cache update executor" [_thread_blocked, id=25347, stack(0x000000011e4c7000,0x000000011e5c7000)]
  0x00007fdb1d9d2800 JavaThread "File lock request listener" [_thread_in_native, id=12815, stack(0x000000011c3d6000,0x000000011c4d6000)]
  0x00007fdb19815000 JavaThread "pool-1-thread-1" [_thread_blocked, id=22791, stack(0x000000011b707000,0x000000011b807000)]
  0x00007fdb1ac1f000 JavaThread "process reaper" daemon [_thread_blocked, id=23299, stack(0x000000011b80b000,0x000000011b833000)]
  0x00007fdb19262800 JavaThread "Asynchronous log dispatcher for DefaultDaemonConnection: socket connection from /127.0.0.1:52182 to /127.0.0.1:52183" [_thread_blocked, id=21763, stack(0x000000011b501000,0x000000011b601000)]
  0x00007fdb1a28a000 JavaThread "Daemon worker" [_thread_blocked, id=21251, stack(0x000000011b3fe000,0x000000011b4fe000)]
  0x00007fdb19271000 JavaThread "Cancel handler" [_thread_blocked, id=20739, stack(0x000000011b2fb000,0x000000011b3fb000)]
  0x00007fdb19261800 JavaThread "Handler for socket connection from /127.0.0.1:52182 to /127.0.0.1:52183" [_thread_in_native, id=20227, stack(0x000000011aff8000,0x000000011b0f8000)]
  0x00007fdb19265800 JavaThread "Daemon" [_thread_blocked, id=19715, stack(0x000000011aef5000,0x000000011aff5000)]
  0x00007fdb1925f000 JavaThread "Incoming local TCP Connector on port 52182" [_thread_in_native, id=19203, stack(0x000000011abf2000,0x000000011acf2000)]
  0x00007fdb1a81f000 JavaThread "Service Thread" daemon [_thread_blocked, id=18179, stack(0x0000000119fa7000,0x000000011a0a7000)]
  0x00007fdb19050000 JavaThread "C1 CompilerThread2" daemon [_thread_in_vm, id=17667, stack(0x0000000119ea4000,0x0000000119fa4000)]
  0x00007fdb1904f000 JavaThread "C2 CompilerThread1" daemon [_thread_in_native, id=17155, stack(0x0000000119da1000,0x0000000119ea1000)]
  0x00007fdb1904d800 JavaThread "C2 CompilerThread0" daemon [_thread_in_native, id=16643, stack(0x0000000119c9e000,0x0000000119d9e000)]
  0x00007fdb1904c800 JavaThread "Signal Dispatcher" daemon [_thread_blocked, id=12303, stack(0x0000000119b9b000,0x0000000119c9b000)]
  0x00007fdb1902b000 JavaThread "Finalizer" daemon [_thread_blocked, id=11523, stack(0x000000011816e000,0x000000011826e000)]
  0x00007fdb19028800 JavaThread "Reference Handler" daemon [_thread_blocked, id=11011, stack(0x000000011806b000,0x000000011816b000)]
  0x00007fdb1a005000 JavaThread "main" [_thread_blocked, id=4867, stack(0x0000000102068000,0x0000000102168000)]

Other Threads:
  0x00007fdb1a803000 VMThread [stack: 0x0000000117f68000,0x0000000118068000] [id=10499]
  0x00007fdb1a804000 WatcherThread [stack: 0x000000011a0aa000,0x000000011a1aa000] [id=18691]

VM state:not at safepoint (normal execution)

VM Mutex/Monitor currently owned by a thread: None

Heap:
 PSYoungGen      total 485376K, used 93280K [0x00000007a0000000, 0x00000007c0000000, 0x00000007c0000000)
  eden space 451584K, 20% used [0x00000007a0000000,0x00000007a5b18330,0x00000007bb900000)
  from space 33792K, 0% used [0x00000007bb900000,0x00000007bb900000,0x00000007bda00000)
  to   space 38912K, 0% used [0x00000007bda00000,0x00000007bda00000,0x00000007c0000000)
 ParOldGen       total 206848K, used 108503K [0x0000000760000000, 0x000000076ca00000, 0x00000007a0000000)
  object space 206848K, 52% used [0x0000000760000000,0x00000007669f5fe0,0x000000076ca00000)
 Metaspace       used 78392K, capacity 80764K, committed 81152K, reserved 1120256K
  class space    used 9587K, capacity 10093K, committed 10240K, reserved 1048576K

Card table byte_map: [0x00000001128b6000,0x0000000112bb7000] byte_map_base: 0x000000010edb6000

Marking Bits: (ParMarkBitMap*) 0x000000010328bed0
 Begin Bits: [0x00000001131c3000, 0x00000001149c3000)
 End Bits:   [0x00000001149c3000, 0x00000001161c3000)

Polling page: 0x00000001021ac000

CodeCache: size=245760Kb used=44133Kb max_used=44161Kb free=201626Kb
 bounds [0x00000001034f6000, 0x0000000106056000, 0x00000001124f6000]
 total_blobs=13703 nmethods=12856 adapters=759
 compilation: enabled

Compilation events (10 events):
Event: 87.173 Thread 0x00007fdb19050000 nmethod 17176 0x0000000106043390 code [0x0000000106043600, 0x0000000106044628]
Event: 87.198 Thread 0x00007fdb19050000 17180 %     3       com.android.dx.ssa.SsaMethod::convertRopToSsaBlocks @ 27 (103 bytes)
Event: 87.233 Thread 0x00007fdb19050000 nmethod 17180% 0x0000000106044f50 code [0x00000001060451c0, 0x0000000106046588]
Event: 87.235 Thread 0x00007fdb19050000 17183       3       com.android.dx.ssa.SsaMethod::makeExitBlock (134 bytes)
Event: 87.238 Thread 0x00007fdb19050000 nmethod 17183 0x0000000106046fd0 code [0x0000000106047240, 0x0000000106048368]
Event: 87.242 Thread 0x00007fdb19050000 17134       3       com.android.dx.dex.code.RopTranslator::pickOrder (400 bytes)
Event: 87.246 Thread 0x00007fdb19050000 nmethod 17134 0x0000000106048b50 code [0x0000000106048e80, 0x000000010604afb8]
Event: 87.249 Thread 0x00007fdb19050000 17160       3       com.android.dx.ssa.back.FirstFitLocalCombiningAllocator::handleNormalUnassociated (99 bytes)
Event: 87.284 Thread 0x00007fdb19050000 nmethod 17160 0x000000010604c290 code [0x000000010604c560, 0x000000010604d938]
Event: 87.290 Thread 0x00007fdb19050000 17166 %     3       com.android.dx.ssa.SCCP::replaceConstants @ 2 (209 bytes)

GC Heap History (10 events):
Event: 65.717 GC heap before
{Heap before GC invocations=17 (full 3):
 PSYoungGen      total 429056K, used 428598K [0x00000007a0000000, 0x00000007c0000000, 0x00000007c0000000)
  eden space 402944K, 99% used [0x00000007a0000000,0x00000007b8912920,0x00000007b8980000)
  from space 26112K, 99% used [0x00000007b8980000,0x00000007ba2fb0a0,0x00000007ba300000)
  to   space 37888K, 0% used [0x00000007bdb00000,0x00000007bdb00000,0x00000007c0000000)
 ParOldGen       total 113152K, used 59598K [0x0000000760000000, 0x0000000766e80000, 0x00000007a0000000)
  object space 113152K, 52% used [0x0000000760000000,0x0000000763a33ad0,0x0000000766e80000)
 Metaspace       used 74226K, capacity 76508K, committed 76544K, reserved 1116160K
  class space    used 9240K, capacity 9705K, committed 9728K, reserved 1048576K
Event: 65.777 GC heap after
Heap after GC invocations=17 (full 3):
 PSYoungGen      total 488448K, used 12389K [0x00000007a0000000, 0x00000007c0000000, 0x00000007c0000000)
  eden space 450560K, 0% used [0x00000007a0000000,0x00000007a0000000,0x00000007bb800000)
  from space 37888K, 32% used [0x00000007bdb00000,0x00000007be7197e8,0x00000007c0000000)
  to   space 35840K, 0% used [0x00000007bb800000,0x00000007bb800000,0x00000007bdb00000)
 ParOldGen       total 113152K, used 75566K [0x0000000760000000, 0x0000000766e80000, 0x00000007a0000000)
  object space 113152K, 66% used [0x0000000760000000,0x00000007649cba38,0x0000000766e80000)
 Metaspace       used 74226K, capacity 76508K, committed 76544K, reserved 1116160K
  class space    used 9240K, capacity 9705K, committed 9728K, reserved 1048576K
}
Event: 65.921 GC heap before
{Heap before GC invocations=18 (full 3):
 PSYoungGen      total 488448K, used 462640K [0x00000007a0000000, 0x00000007c0000000, 0x00000007c0000000)
  eden space 450560K, 99% used [0x00000007a0000000,0x00000007bb7b28f0,0x00000007bb800000)
  from space 37888K, 32% used [0x00000007bdb00000,0x00000007be7197e8,0x00000007c0000000)
  to   space 35840K, 0% used [0x00000007bb800000,0x00000007bb800000,0x00000007bdb00000)
 ParOldGen       total 113152K, used 75566K [0x0000000760000000, 0x0000000766e80000, 0x00000007a0000000)
  object space 113152K, 66% used [0x0000000760000000,0x00000007649cba38,0x0000000766e80000)
 Metaspace       used 74240K, capacity 76508K, committed 76544K, reserved 1116160K
  class space    used 9240K, capacity 9705K, committed 9728K, reserved 1048576K
Event: 65.939 GC heap after
Heap after GC invocations=18 (full 3):
 PSYoungGen      total 458752K, used 8056K [0x00000007a0000000, 0x00000007bfc00000, 0x00000007c0000000)
  eden space 450560K, 0% used [0x00000007a0000000,0x00000007a0000000,0x00000007bb800000)
  from space 8192K, 98% used [0x00000007bb800000,0x00000007bbfde018,0x00000007bc000000)
  to   space 34816K, 0% used [0x00000007bda00000,0x00000007bda00000,0x00000007bfc00000)
 ParOldGen       total 113152K, used 75574K [0x0000000760000000, 0x0000000766e80000, 0x00000007a0000000)
  object space 113152K, 66% used [0x0000000760000000,0x00000007649cda38,0x0000000766e80000)
 Metaspace       used 74240K, capacity 76508K, committed 76544K, reserved 1116160K
  class space    used 9240K, capacity 9705K, committed 9728K, reserved 1048576K
}
Event: 78.912 GC heap before
{Heap before GC invocations=19 (full 3):
 PSYoungGen      total 458752K, used 458616K [0x00000007a0000000, 0x00000007bfc00000, 0x00000007c0000000)
  eden space 450560K, 100% used [0x00000007a0000000,0x00000007bb800000,0x00000007bb800000)
  from space 8192K, 98% used [0x00000007bb800000,0x00000007bbfde018,0x00000007bc000000)
  to   space 34816K, 0% used [0x00000007bda00000,0x00000007bda00000,0x00000007bfc00000)
 ParOldGen       total 113152K, used 75574K [0x0000000760000000, 0x0000000766e80000, 0x00000007a0000000)
  object space 113152K, 66% used [0x0000000760000000,0x00000007649cda38,0x0000000766e80000)
 Metaspace       used 77814K, capacity 80286K, committed 80640K, reserved 1120256K
  class space    used 9585K, capacity 10109K, committed 10240K, reserved 1048576K
Event: 78.977 GC heap after
Heap after GC invocations=19 (full 3):
 PSYoungGen      total 486400K, used 16821K [0x00000007a0000000, 0x00000007c0000000, 0x00000007c0000000)
  eden space 451584K, 0% used [0x00000007a0000000,0x00000007a0000000,0x00000007bb900000)
  from space 34816K, 48% used [0x00000007bda00000,0x00000007bea6d5e8,0x00000007bfc00000)
  to   space 33792K, 0% used [0x00000007bb900000,0x00000007bb900000,0x00000007bda00000)
 ParOldGen       total 113152K, used 82604K [0x0000000760000000, 0x0000000766e80000, 0x00000007a0000000)
  object space 113152K, 73% used [0x0000000760000000,0x00000007650ab348,0x0000000766e80000)
 Metaspace       used 77814K, capacity 80286K, committed 80640K, reserved 1120256K
  class space    used 9585K, capacity 10109K, committed 10240K, reserved 1048576K
}
Event: 85.814 GC heap before
{Heap before GC invocations=20 (full 3):
 PSYoungGen      total 486400K, used 468405K [0x00000007a0000000, 0x00000007c0000000, 0x00000007c0000000)
  eden space 451584K, 100% used [0x00000007a0000000,0x00000007bb900000,0x00000007bb900000)
  from space 34816K, 48% used [0x00000007bda00000,0x00000007bea6d5e8,0x00000007bfc00000)
  to   space 33792K, 0% used [0x00000007bb900000,0x00000007bb900000,0x00000007bda00000)
 ParOldGen       total 113152K, used 82604K [0x0000000760000000, 0x0000000766e80000, 0x00000007a0000000)
  object space 113152K, 73% used [0x0000000760000000,0x00000007650ab348,0x0000000766e80000)
 Metaspace       used 78429K, capacity 80862K, committed 81152K, reserved 1120256K
  class space    used 9596K, capacity 10109K, committed 10240K, reserved 1048576K
Event: 85.935 GC heap after
Heap after GC invocations=20 (full 3):
 PSYoungGen      total 485376K, used 33779K [0x00000007a0000000, 0x00000007c0000000, 0x00000007c0000000)
  eden space 451584K, 0% used [0x00000007a0000000,0x00000007a0000000,0x00000007bb900000)
  from space 33792K, 99% used [0x00000007bb900000,0x00000007bd9fcfd8,0x00000007bda00000)
  to   space 38912K, 0% used [0x00000007bda00000,0x00000007bda00000,0x00000007c0000000)
 ParOldGen       total 113152K, used 99585K [0x0000000760000000, 0x0000000766e80000, 0x00000007a0000000)
  object space 113152K, 88% used [0x0000000760000000,0x00000007661406b0,0x0000000766e80000)
 Metaspace       used 78429K, capacity 80862K, committed 81152K, reserved 1120256K
  class space    used 9596K, capacity 10109K, committed 10240K, reserved 1048576K
}
Event: 85.935 GC heap before
{Heap before GC invocations=21 (full 4):
 PSYoungGen      total 485376K, used 33779K [0x00000007a0000000, 0x00000007c0000000, 0x00000007c0000000)
  eden space 451584K, 0% used [0x00000007a0000000,0x00000007a0000000,0x00000007bb900000)
  from space 33792K, 99% used [0x00000007bb900000,0x00000007bd9fcfd8,0x00000007bda00000)
  to   space 38912K, 0% used [0x00000007bda00000,0x00000007bda00000,0x00000007c0000000)
 ParOldGen       total 113152K, used 99585K [0x0000000760000000, 0x0000000766e80000, 0x00000007a0000000)
  object space 113152K, 88% used [0x0000000760000000,0x00000007661406b0,0x0000000766e80000)
 Metaspace       used 78429K, capacity 80862K, committed 81152K, reserved 1120256K
  class space    used 9596K, capacity 10109K, committed 10240K, reserved 1048576K
Event: 86.797 GC heap after
Heap after GC invocations=21 (full 4):
 PSYoungGen      total 485376K, used 0K [0x00000007a0000000, 0x00000007c0000000, 0x00000007c0000000)
  eden space 451584K, 0% used [0x00000007a0000000,0x00000007a0000000,0x00000007bb900000)
  from space 33792K, 0% used [0x00000007bb900000,0x00000007bb900000,0x00000007bda00000)
  to   space 38912K, 0% used [0x00000007bda00000,0x00000007bda00000,0x00000007c0000000)
 ParOldGen       total 206848K, used 108503K [0x0000000760000000, 0x000000076ca00000, 0x00000007a0000000)
  object space 206848K, 52% used [0x0000000760000000,0x00000007669f5fe0,0x000000076ca00000)
 Metaspace       used 78392K, capacity 80764K, committed 81152K, reserved 1120256K
  class space    used 9587K, capacity 10093K, committed 10240K, reserved 1048576K
}

Deoptimization events (10 events):
Event: 78.004 Thread 0x00007fdb19c70000 Uncommon trap: reason=class_check action=maybe_recompile pc=0x000000010422e3c4 method=java.util.concurrent.locks.ReentrantLock.lock()V @ 4
Event: 78.024 Thread 0x00007fdb1f487800 Uncommon trap: reason=class_check action=maybe_recompile pc=0x000000010422e3c4 method=java.util.concurrent.locks.ReentrantLock.lock()V @ 4
Event: 78.033 Thread 0x00007fdb1f487800 Uncommon trap: reason=class_check action=maybe_recompile pc=0x000000010422e3c4 method=java.util.concurrent.locks.ReentrantLock.lock()V @ 4
Event: 78.039 Thread 0x00007fdb1f187800 Uncommon trap: reason=class_check action=maybe_recompile pc=0x000000010422e3c4 method=java.util.concurrent.locks.ReentrantLock.lock()V @ 4
Event: 78.615 Thread 0x00007fdb19c70000 Uncommon trap: reason=unstable_if action=reinterpret pc=0x0000000103b29bac method=java.util.Formatter$FormatSpecifier.localizedMagnitude(Ljava/lang/StringBuilder;[CLjava/util/Formatter$Flags;ILjava/util/Locale;)Ljava/lang/StringBuilder; @ 59
Event: 79.322 Thread 0x00007fdb1f487800 Uncommon trap: reason=unstable_if action=reinterpret pc=0x0000000103f5a844 method=java.util.concurrent.locks.AbstractQueuedSynchronizer.acquireQueued(Ljava/util/concurrent/locks/AbstractQueuedSynchronizer$Node;I)Z @ 17
Event: 84.177 Thread 0x00007fdb1f487800 Uncommon trap: reason=unstable_if action=reinterpret pc=0x0000000105fca4cc method=java.util.concurrent.ConcurrentHashMap.putVal(Ljava/lang/Object;Ljava/lang/Object;Z)Ljava/lang/Object; @ 331
Event: 85.429 Thread 0x00007fdb1ec2d000 Uncommon trap: reason=unstable_if action=reinterpret pc=0x0000000106002d18 method=java.util.Formatter$FormatSpecifier.precision(Ljava/lang/String;)I @ 6
Event: 86.854 Thread 0x00007fdb1f487800 Uncommon trap: reason=unstable_if action=reinterpret pc=0x0000000105f58978 method=java.util.Formatter$FormatSpecifier.precision(Ljava/lang/String;)I @ 6
Event: 87.109 Thread 0x00007fdb1a376800 Uncommon trap: reason=bimorphic action=maybe_recompile pc=0x0000000104afd4b8 method=com.android.dx.rop.code.InsnList.contentEquals(Lcom/android/dx/rop/code/InsnList;)Z @ 38

Internal exceptions (10 events):
Event: 77.882 Thread 0x00007fdb1ef6d800 Exception <a 'sun/nio/fs/UnixException'> (0x00000007b786cce8) thrown at [/Volumes/Android_AOSP/AOSP-openjdk/external/jetbrains/jdk/hotspot/src/share/vm/prims/jni.cpp, line 709]
Event: 77.898 Thread 0x00007fdb1ef6d800 Exception <a 'sun/nio/fs/UnixException'> (0x00000007b7c40dd8) thrown at [/Volumes/Android_AOSP/AOSP-openjdk/external/jetbrains/jdk/hotspot/src/share/vm/prims/jni.cpp, line 709]
Event: 77.901 Thread 0x00007fdb1ee86800 Exception <a 'sun/nio/fs/UnixException'> (0x00000007b7ba53a0) thrown at [/Volumes/Android_AOSP/AOSP-openjdk/external/jetbrains/jdk/hotspot/src/share/vm/prims/jni.cpp, line 709]
Event: 77.916 Thread 0x00007fdb1ef6d800 Exception <a 'sun/nio/fs/UnixException'> (0x00000007b7c61828) thrown at [/Volumes/Android_AOSP/AOSP-openjdk/external/jetbrains/jdk/hotspot/src/share/vm/prims/jni.cpp, line 709]
Event: 77.917 Thread 0x00007fdb1afec800 Exception <a 'sun/nio/fs/UnixException'> (0x00000007b79f5330) thrown at [/Volumes/Android_AOSP/AOSP-openjdk/external/jetbrains/jdk/hotspot/src/share/vm/prims/jni.cpp, line 709]
Event: 77.946 Thread 0x00007fdb1ef6d800 Exception <a 'sun/nio/fs/UnixException'> (0x00000007b7c81ce8) thrown at [/Volumes/Android_AOSP/AOSP-openjdk/external/jetbrains/jdk/hotspot/src/share/vm/prims/jni.cpp, line 709]
Event: 77.952 Thread 0x00007fdb1ee86800 Exception <a 'sun/nio/fs/UnixException'> (0x00000007b7bc5fd8) thrown at [/Volumes/Android_AOSP/AOSP-openjdk/external/jetbrains/jdk/hotspot/src/share/vm/prims/jni.cpp, line 709]
Event: 77.999 Thread 0x00007fdb1ee86800 Exception <a 'sun/nio/fs/UnixException'> (0x00000007b7be7580) thrown at [/Volumes/Android_AOSP/AOSP-openjdk/external/jetbrains/jdk/hotspot/src/share/vm/prims/jni.cpp, line 709]
Event: 78.627 Thread 0x00007fdb1e341800 Exception <a 'sun/nio/fs/UnixException'> (0x00000007b75ebfe0) thrown at [/Volumes/Android_AOSP/AOSP-openjdk/external/jetbrains/jdk/hotspot/src/share/vm/prims/jni.cpp, line 709]
Event: 86.950 Thread 0x00007fdb1ef6d800 Exception <a 'sun/nio/fs/UnixException'> (0x00000007a1b34b50) thrown at [/Volumes/Android_AOSP/AOSP-openjdk/external/jetbrains/jdk/hotspot/src/share/vm/prims/jni.cpp, line 709]

Events (10 events):
Event: 87.158 Thread 0x00007fdb1f0d8000 DEOPT UNPACKING pc=0x000000010353d373 sp=0x00000001210afeb0 mode 0
Event: 87.173 Thread 0x00007fdb19050000 flushing nmethod 0x0000000103c3f290
Event: 87.232 Thread 0x00007fdb1de4c000 DEOPT PACKING pc=0x0000000105fead9f sp=0x0000000120da7120
Event: 87.232 Thread 0x00007fdb1de4c000 DEOPT UNPACKING pc=0x000000010353d373 sp=0x0000000120da6f18 mode 0
Event: 87.234 Thread 0x00007fdb19050000 flushing nmethod 0x0000000103f2e190
Event: 87.234 Thread 0x00007fdb19050000 flushing nmethod 0x000000010401e250
Event: 87.237 Thread 0x00007fdb1ec02000 DEOPT PACKING pc=0x0000000103e5fdd2 sp=0x00000001214bc000
Event: 87.237 Thread 0x00007fdb1ec02000 DEOPT UNPACKING pc=0x000000010353d373 sp=0x00000001214bbdb8 mode 0
Event: 87.241 Thread 0x00007fdb19050000 flushing nmethod 0x000000010422e1d0
Event: 87.241 Thread 0x00007fdb19050000 flushing nmethod 0x000000010422e510


Dynamic libraries:
0x0000000002688000 	/System/Library/Frameworks/Cocoa.framework/Versions/A/Cocoa
0x0000000002688000 	/System/Library/Frameworks/Security.framework/Versions/A/Security
0x0000000002688000 	/System/Library/Frameworks/ApplicationServices.framework/Versions/A/ApplicationServices
0x0000000002688000 	/usr/lib/libz.1.dylib
0x0000000002688000 	/usr/lib/libSystem.B.dylib
0x0000000002688000 	/usr/lib/libobjc.A.dylib
0x0000000002688000 	/System/Library/Frameworks/Foundation.framework/Versions/C/Foundation
0x0000000002688000 	/System/Library/Frameworks/CoreFoundation.framework/Versions/A/CoreFoundation
0x0000000002688000 	/System/Library/Frameworks/AppKit.framework/Versions/C/AppKit
0x0000000002688000 	/System/Library/Frameworks/CoreData.framework/Versions/A/CoreData
0x0000000002688000 	/System/Library/PrivateFrameworks/RemoteViewServices.framework/Versions/A/RemoteViewServices
0x0000000002688000 	/System/Library/PrivateFrameworks/UIFoundation.framework/Versions/A/UIFoundation
0x0000000002688000 	/System/Library/Frameworks/IOSurface.framework/Versions/A/IOSurface
0x0000000002688000 	/System/Library/Frameworks/AudioToolbox.framework/Versions/A/AudioToolbox
0x0000000002688000 	/System/Library/Frameworks/AudioUnit.framework/Versions/A/AudioUnit
0x0000000002688000 	/System/Library/PrivateFrameworks/DataDetectorsCore.framework/Versions/A/DataDetectorsCore
0x0000000002688000 	/System/Library/PrivateFrameworks/DesktopServicesPriv.framework/Versions/A/DesktopServicesPriv
0x0000000002688000 	/System/Library/Frameworks/Carbon.framework/Versions/A/Frameworks/HIToolbox.framework/Versions/A/HIToolbox
0x0000000002688000 	/System/Library/Frameworks/QuartzCore.framework/Versions/A/QuartzCore
0x0000000002688000 	/System/Library/Frameworks/Carbon.framework/Versions/A/Frameworks/SpeechRecognition.framework/Versions/A/SpeechRecognition
0x0000000002688000 	/usr/lib/libauto.dylib
0x0000000002688000 	/usr/lib/libicucore.A.dylib
0x0000000002688000 	/usr/lib/libxml2.2.dylib
0x0000000002688000 	/System/Library/PrivateFrameworks/CoreUI.framework/Versions/A/CoreUI
0x0000000002688000 	/System/Library/Frameworks/CoreAudio.framework/Versions/A/CoreAudio
0x0000000002688000 	/System/Library/Frameworks/DiskArbitration.framework/Versions/A/DiskArbitration
0x0000000002688000 	/usr/lib/liblangid.dylib
0x0000000002688000 	/System/Library/PrivateFrameworks/MultitouchSupport.framework/Versions/A/MultitouchSupport
0x0000000002688000 	/System/Library/Frameworks/IOKit.framework/Versions/A/IOKit
0x0000000002688000 	/usr/lib/libDiagnosticMessagesClient.dylib
0x0000000002688000 	/System/Library/Frameworks/CoreServices.framework/Versions/A/CoreServices
0x0000000002688000 	/System/Library/PrivateFrameworks/PerformanceAnalysis.framework/Versions/A/PerformanceAnalysis
0x0000000002688000 	/System/Library/PrivateFrameworks/GenerationalStorage.framework/Versions/A/GenerationalStorage
0x0000000002688000 	/System/Library/Frameworks/OpenGL.framework/Versions/A/OpenGL
0x0000000002688000 	/System/Library/PrivateFrameworks/Sharing.framework/Versions/A/Sharing
0x0000000002688000 	/System/Library/Frameworks/CoreGraphics.framework/Versions/A/CoreGraphics
0x0000000002688000 	/System/Library/Frameworks/CoreText.framework/Versions/A/CoreText
0x0000000002688000 	/System/Library/Frameworks/ImageIO.framework/Versions/A/ImageIO
0x0000000002688000 	/usr/lib/libextension.dylib
0x0000000002688000 	/System/Library/PrivateFrameworks/Backup.framework/Versions/A/Backup
0x0000000002688000 	/usr/lib/libarchive.2.dylib
0x0000000002688000 	/System/Library/Frameworks/CFNetwork.framework/Versions/A/CFNetwork
0x0000000002688000 	/System/Library/Frameworks/SystemConfiguration.framework/Versions/A/SystemConfiguration
0x0000000002688000 	/usr/lib/libCRFSuite.dylib
0x0000000002688000 	/usr/lib/libc++.1.dylib
0x0000000002688000 	/usr/lib/libc++abi.dylib
0x0000000002688000 	/usr/lib/system/libcache.dylib
0x0000000002688000 	/usr/lib/system/libcommonCrypto.dylib
0x0000000002688000 	/usr/lib/system/libcompiler_rt.dylib
0x0000000002688000 	/usr/lib/system/libcopyfile.dylib
0x0000000002688000 	/usr/lib/system/libcorecrypto.dylib
0x0000000002688000 	/usr/lib/system/libdispatch.dylib
0x0000000002688000 	/usr/lib/system/libdyld.dylib
0x0000000002688000 	/usr/lib/system/libkeymgr.dylib
0x0000000002688000 	/usr/lib/system/liblaunch.dylib
0x0000000002688000 	/usr/lib/system/libmacho.dylib
0x0000000002688000 	/usr/lib/system/libquarantine.dylib
0x0000000002688000 	/usr/lib/system/libremovefile.dylib
0x0000000002688000 	/usr/lib/system/libsystem_asl.dylib
0x0000000002688000 	/usr/lib/system/libsystem_blocks.dylib
0x0000000002688000 	/usr/lib/system/libsystem_c.dylib
0x0000000002688000 	/usr/lib/system/libsystem_configuration.dylib
0x0000000002688000 	/usr/lib/system/libsystem_coreservices.dylib
0x0000000002688000 	/usr/lib/system/libsystem_coretls.dylib
0x0000000002688000 	/usr/lib/system/libsystem_dnssd.dylib
0x0000000002688000 	/usr/lib/system/libsystem_info.dylib
0x0000000002688000 	/usr/lib/system/libsystem_kernel.dylib
0x0000000002688000 	/usr/lib/system/libsystem_m.dylib
0x0000000002688000 	/usr/lib/system/libsystem_malloc.dylib
0x0000000002688000 	/usr/lib/system/libsystem_network.dylib
0x0000000002688000 	/usr/lib/system/libsystem_networkextension.dylib
0x0000000002688000 	/usr/lib/system/libsystem_notify.dylib
0x0000000002688000 	/usr/lib/system/libsystem_platform.dylib
0x0000000002688000 	/usr/lib/system/libsystem_pthread.dylib
0x0000000002688000 	/usr/lib/system/libsystem_sandbox.dylib
0x0000000002688000 	/usr/lib/system/libsystem_secinit.dylib
0x0000000002688000 	/usr/lib/system/libsystem_stats.dylib
0x0000000002688000 	/usr/lib/system/libsystem_trace.dylib
0x0000000002688000 	/usr/lib/system/libunc.dylib
0x0000000002688000 	/usr/lib/system/libunwind.dylib
0x0000000002688000 	/usr/lib/system/libxpc.dylib
0x0000000002688000 	/usr/lib/libbz2.1.0.dylib
0x0000000002688000 	/usr/lib/liblzma.5.dylib
0x0000000002688000 	/usr/lib/libbsm.0.dylib
0x0000000002688000 	/usr/lib/libsqlite3.dylib
0x0000000002688000 	/usr/lib/system/libkxld.dylib
0x0000000002688000 	/usr/lib/libxar.1.dylib
0x0000000002688000 	/usr/lib/libpam.2.dylib
0x0000000002688000 	/usr/lib/libOpenScriptingUtil.dylib
0x0000000002688000 	/System/Library/Frameworks/CoreServices.framework/Versions/A/Frameworks/FSEvents.framework/Versions/A/FSEvents
0x0000000002688000 	/System/Library/Frameworks/CoreServices.framework/Versions/A/Frameworks/CarbonCore.framework/Versions/A/CarbonCore
0x0000000002688000 	/System/Library/Frameworks/CoreServices.framework/Versions/A/Frameworks/Metadata.framework/Versions/A/Metadata
0x0000000002688000 	/System/Library/Frameworks/CoreServices.framework/Versions/A/Frameworks/OSServices.framework/Versions/A/OSServices
0x0000000002688000 	/System/Library/Frameworks/CoreServices.framework/Versions/A/Frameworks/SearchKit.framework/Versions/A/SearchKit
0x0000000002688000 	/System/Library/Frameworks/CoreServices.framework/Versions/A/Frameworks/AE.framework/Versions/A/AE
0x0000000002688000 	/System/Library/Frameworks/CoreServices.framework/Versions/A/Frameworks/LaunchServices.framework/Versions/A/LaunchServices
0x0000000002688000 	/System/Library/Frameworks/CoreServices.framework/Versions/A/Frameworks/DictionaryServices.framework/Versions/A/DictionaryServices
0x0000000002688000 	/System/Library/Frameworks/NetFS.framework/Versions/A/NetFS
0x0000000002688000 	/System/Library/PrivateFrameworks/NetAuth.framework/Versions/A/NetAuth
0x0000000002688000 	/System/Library/PrivateFrameworks/login.framework/Versions/A/Frameworks/loginsupport.framework/Versions/A/loginsupport
0x0000000002688000 	/System/Library/PrivateFrameworks/TCC.framework/Versions/A/TCC
0x0000000002688000 	/usr/lib/libmecabra.dylib
0x0000000002688000 	/System/Library/Frameworks/ApplicationServices.framework/Versions/A/Frameworks/ATS.framework/Versions/A/ATS
0x0000000002688000 	/System/Library/Frameworks/ApplicationServices.framework/Versions/A/Frameworks/ColorSync.framework/Versions/A/ColorSync
0x0000000002688000 	/System/Library/Frameworks/ApplicationServices.framework/Versions/A/Frameworks/HIServices.framework/Versions/A/HIServices
0x0000000002688000 	/System/Library/Frameworks/ApplicationServices.framework/Versions/A/Frameworks/LangAnalysis.framework/Versions/A/LangAnalysis
0x0000000002688000 	/System/Library/Frameworks/ApplicationServices.framework/Versions/A/Frameworks/PrintCore.framework/Versions/A/PrintCore
0x0000000002688000 	/System/Library/Frameworks/ApplicationServices.framework/Versions/A/Frameworks/QD.framework/Versions/A/QD
0x0000000002688000 	/System/Library/Frameworks/ApplicationServices.framework/Versions/A/Frameworks/SpeechSynthesis.framework/Versions/A/SpeechSynthesis
0x0000000002688000 	/System/Library/Frameworks/Accelerate.framework/Versions/A/Accelerate
0x0000000002688000 	/System/Library/Frameworks/Accelerate.framework/Versions/A/Frameworks/vImage.framework/Versions/A/vImage
0x0000000002688000 	/System/Library/Frameworks/Accelerate.framework/Versions/A/Frameworks/vecLib.framework/Versions/A/vecLib
0x0000000002688000 	/System/Library/Frameworks/Accelerate.framework/Versions/A/Frameworks/vecLib.framework/Versions/A/libvDSP.dylib
0x0000000002688000 	/System/Library/Frameworks/Accelerate.framework/Versions/A/Frameworks/vecLib.framework/Versions/A/libvMisc.dylib
0x0000000002688000 	/System/Library/Frameworks/Accelerate.framework/Versions/A/Frameworks/vecLib.framework/Versions/A/libLAPACK.dylib
0x0000000002688000 	/System/Library/Frameworks/Accelerate.framework/Versions/A/Frameworks/vecLib.framework/Versions/A/libBLAS.dylib
0x0000000002688000 	/System/Library/Frameworks/Accelerate.framework/Versions/A/Frameworks/vecLib.framework/Versions/A/libLinearAlgebra.dylib
0x0000000002688000 	/System/Library/Frameworks/ApplicationServices.framework/Versions/A/Frameworks/ATS.framework/Versions/A/Resources/libFontParser.dylib
0x0000000002688000 	/System/Library/Frameworks/ApplicationServices.framework/Versions/A/Frameworks/ATS.framework/Versions/A/Resources/libFontRegistry.dylib
0x0000000002688000 	/System/Library/PrivateFrameworks/AppleVPA.framework/Versions/A/AppleVPA
0x0000000002688000 	/System/Library/PrivateFrameworks/AppleJPEG.framework/Versions/A/AppleJPEG
0x0000000002688000 	/System/Library/Frameworks/ImageIO.framework/Versions/A/Resources/libJPEG.dylib
0x0000000002688000 	/System/Library/Frameworks/ImageIO.framework/Versions/A/Resources/libTIFF.dylib
0x0000000002688000 	/System/Library/Frameworks/ImageIO.framework/Versions/A/Resources/libPng.dylib
0x0000000002688000 	/System/Library/Frameworks/ImageIO.framework/Versions/A/Resources/libGIF.dylib
0x0000000002688000 	/System/Library/Frameworks/ImageIO.framework/Versions/A/Resources/libJP2.dylib
0x0000000002688000 	/System/Library/Frameworks/ImageIO.framework/Versions/A/Resources/libRadiance.dylib
0x0000000002688000 	/System/Library/Frameworks/CoreVideo.framework/Versions/A/CoreVideo
0x0000000002688000 	/System/Library/Frameworks/OpenGL.framework/Versions/A/Libraries/libGLU.dylib
0x0000000002688000 	/System/Library/Frameworks/OpenGL.framework/Versions/A/Libraries/libGFXShared.dylib
0x0000000002688000 	/System/Library/Frameworks/OpenGL.framework/Versions/A/Libraries/libGL.dylib
0x0000000002688000 	/System/Library/Frameworks/OpenGL.framework/Versions/A/Libraries/libGLImage.dylib
0x0000000002688000 	/System/Library/Frameworks/OpenGL.framework/Versions/A/Libraries/libCVMSPluginSupport.dylib
0x0000000002688000 	/System/Library/Frameworks/OpenGL.framework/Versions/A/Libraries/libCoreVMClient.dylib
0x0000000002688000 	/usr/lib/libcups.2.dylib
0x0000000002688000 	/System/Library/Frameworks/Kerberos.framework/Versions/A/Kerberos
0x0000000002688000 	/System/Library/Frameworks/GSS.framework/Versions/A/GSS
0x0000000002688000 	/usr/lib/libresolv.9.dylib
0x0000000002688000 	/usr/lib/libiconv.2.dylib
0x0000000002688000 	/System/Library/PrivateFrameworks/Heimdal.framework/Versions/A/Heimdal
0x0000000002688000 	/usr/lib/libheimdal-asn1.dylib
0x0000000002688000 	/System/Library/Frameworks/OpenDirectory.framework/Versions/A/OpenDirectory
0x0000000002688000 	/System/Library/PrivateFrameworks/CommonAuth.framework/Versions/A/CommonAuth
0x0000000002688000 	/System/Library/Frameworks/OpenDirectory.framework/Versions/A/Frameworks/CFOpenDirectory.framework/Versions/A/CFOpenDirectory
0x0000000002688000 	/System/Library/Frameworks/SecurityFoundation.framework/Versions/A/SecurityFoundation
0x0000000002688000 	/System/Library/PrivateFrameworks/LanguageModeling.framework/Versions/A/LanguageModeling
0x0000000002688000 	/usr/lib/libcmph.dylib
0x0000000002688000 	/System/Library/Frameworks/ServiceManagement.framework/Versions/A/ServiceManagement
0x0000000002688000 	/usr/lib/libxslt.1.dylib
0x0000000002688000 	/System/Library/Frameworks/Carbon.framework/Versions/A/Frameworks/Ink.framework/Versions/A/Ink
0x0000000002688000 	/System/Library/Frameworks/QuartzCore.framework/Versions/A/Frameworks/CoreImage.framework/Versions/A/CoreImage
0x0000000002688000 	/System/Library/PrivateFrameworks/CrashReporterSupport.framework/Versions/A/CrashReporterSupport
0x0000000002688000 	/System/Library/Frameworks/OpenCL.framework/Versions/A/OpenCL
0x0000000002688000 	/System/Library/PrivateFrameworks/FaceCore.framework/Versions/A/FaceCore
0x0000000002688000 	/System/Library/PrivateFrameworks/Ubiquity.framework/Versions/A/Ubiquity
0x0000000002688000 	/System/Library/PrivateFrameworks/IconServices.framework/Versions/A/IconServices
0x0000000002688000 	/System/Library/PrivateFrameworks/ChunkingLibrary.framework/Versions/A/ChunkingLibrary
0x0000000002688000 	/System/Library/PrivateFrameworks/Apple80211.framework/Versions/A/Apple80211
0x0000000002688000 	/System/Library/Frameworks/CoreWLAN.framework/Versions/A/CoreWLAN
0x0000000002688000 	/System/Library/Frameworks/IOBluetooth.framework/Versions/A/IOBluetooth
0x0000000002688000 	/System/Library/PrivateFrameworks/CoreWiFi.framework/Versions/A/CoreWiFi
0x0000000002688000 	/System/Library/Frameworks/CoreBluetooth.framework/Versions/A/CoreBluetooth
0x0000000002688000 	/System/Library/PrivateFrameworks/DebugSymbols.framework/Versions/A/DebugSymbols
0x0000000002688000 	/System/Library/PrivateFrameworks/CoreSymbolication.framework/Versions/A/CoreSymbolication
0x0000000002688000 	/System/Library/PrivateFrameworks/Symbolication.framework/Versions/A/Symbolication
0x0000000002688000 	/System/Library/PrivateFrameworks/SpeechRecognitionCore.framework/Versions/A/SpeechRecognitionCore
0x0000000102a00000 	/Applications/Android Studio.app/Contents/jre/jdk/Contents/Home/jre/lib/server/libjvm.dylib
0x0000000002688000 	/usr/lib/libstdc++.6.dylib
0x000000010216a000 	/Applications/Android Studio.app/Contents/jre/jdk/Contents/Home/jre/lib/libverify.dylib
0x0000000102177000 	/Applications/Android Studio.app/Contents/jre/jdk/Contents/Home/jre/lib/libjava.dylib
0x00000001021b6000 	/Applications/Android Studio.app/Contents/jre/jdk/Contents/Home/jre/lib/libzip.dylib
0x0000000118270000 	/System/Library/Frameworks/JavaVM.framework/Frameworks/JavaRuntimeSupport.framework/JavaRuntimeSupport
0x000000011828b000 	/System/Library/Frameworks/JavaVM.framework/Versions/A/Frameworks/JavaNativeFoundation.framework/Versions/A/JavaNativeFoundation
0x00000001182a0000 	/System/Library/Frameworks/JavaVM.framework/Versions/A/JavaVM
0x0000000002688000 	/System/Library/Frameworks/Carbon.framework/Versions/A/Carbon
0x00000001182ad000 	/System/Library/PrivateFrameworks/JavaLaunching.framework/Versions/A/JavaLaunching
0x0000000002688000 	/System/Library/Frameworks/Carbon.framework/Versions/A/Frameworks/CommonPanels.framework/Versions/A/CommonPanels
0x0000000002688000 	/System/Library/Frameworks/Carbon.framework/Versions/A/Frameworks/Help.framework/Versions/A/Help
0x0000000002688000 	/System/Library/Frameworks/Carbon.framework/Versions/A/Frameworks/ImageCapture.framework/Versions/A/ImageCapture
0x0000000002688000 	/System/Library/Frameworks/Carbon.framework/Versions/A/Frameworks/OpenScripting.framework/Versions/A/OpenScripting
0x0000000002688000 	/System/Library/Frameworks/Carbon.framework/Versions/A/Frameworks/Print.framework/Versions/A/Print
0x0000000002688000 	/System/Library/Frameworks/Carbon.framework/Versions/A/Frameworks/SecurityHI.framework/Versions/A/SecurityHI
0x000000011a7a9000 	/Applications/Android Studio.app/Contents/jre/jdk/Contents/Home/jre/lib/libnet.dylib
0x000000011a926000 	/Applications/Android Studio.app/Contents/jre/jdk/Contents/Home/jre/lib/libnio.dylib
0x000000011a936000 	/Users/emmilinkola/.gradle/native/23/osx-amd64/libnative-platform.dylib
0x000000011abe7000 	/Applications/Android Studio.app/Contents/jre/jdk/Contents/Home/jre/lib/libmanagement.dylib
0x00000001182de000 	/Applications/Android Studio.app/Contents/jre/jdk/Contents/Home/jre/lib/libsunec.dylib

VM Arguments:
jvm_args: -Xmx1536m -Dfile.encoding=UTF-8 -Duser.country=US -Duser.language=en -Duser.variant 
java_command: org.gradle.launcher.daemon.bootstrap.GradleDaemon 3.3
java_class_path (initial): /Users/emmilinkola/.gradle/wrapper/dists/gradle-3.3-all/55gk2rcmfc6p2dg9u9ohc3hw9/gradle-3.3/lib/gradle-launcher-3.3.jar
Launcher Type: SUN_STANDARD

Environment Variables:
PATH=/usr/bin:/bin:/usr/sbin:/sbin
SHELL=/bin/bash

Signal Handlers:
SIGSEGV: [libjvm.dylib+0x57e9cd], sa_mask[0]=11111111011111110111111111111111, sa_flags=SA_ONSTACK|SA_RESTART|SA_SIGINFO
SIGBUS: [libjvm.dylib+0x57e9cd], sa_mask[0]=11111111011111110111111111111111, sa_flags=SA_RESTART|SA_SIGINFO
SIGFPE: [libjvm.dylib+0x45951c], sa_mask[0]=11111111011111110111111111111111, sa_flags=SA_RESTART|SA_SIGINFO
SIGPIPE: [libjvm.dylib+0x45951c], sa_mask[0]=11111111011111110111111111111111, sa_flags=SA_RESTART|SA_SIGINFO
SIGXFSZ: [libjvm.dylib+0x45951c], sa_mask[0]=11111111011111110111111111111111, sa_flags=SA_RESTART|SA_SIGINFO
SIGILL: [libjvm.dylib+0x45951c], sa_mask[0]=11111111011111110111111111111111, sa_flags=SA_RESTART|SA_SIGINFO
SIGUSR1: SIG_DFL, sa_mask[0]=00000000000000000000000000000000, sa_flags=none
SIGUSR2: [libjvm.dylib+0x45903a], sa_mask[0]=00100000000000000000000000000000, sa_flags=SA_RESTART|SA_SIGINFO
SIGHUP: [libjvm.dylib+0x457611], sa_mask[0]=11111111011111110111111111111111, sa_flags=SA_RESTART|SA_SIGINFO
SIGINT: [libjvm.dylib+0x457611], sa_mask[0]=11111111011111110111111111111111, sa_flags=SA_RESTART|SA_SIGINFO
SIGTERM: [libjvm.dylib+0x457611], sa_mask[0]=11111111011111110111111111111111, sa_flags=SA_RESTART|SA_SIGINFO
SIGQUIT: [libjvm.dylib+0x457611], sa_mask[0]=11111111011111110111111111111111, sa_flags=SA_RESTART|SA_SIGINFO


---------------  S Y S T E M  ---------------

OS:Bsduname:Darwin 14.5.0 Darwin Kernel Version 14.5.0: Wed Jul 29 02:26:53 PDT 2015; root:xnu-2782.40.9~1/RELEASE_X86_64 x86_64
rlimit: STACK 8192k, CORE 0k, NPROC 709, NOFILE 10240, AS infinity
load average:8.65 4.61 3.21

CPU:total 4 (2 cores per cpu, 2 threads per core) family 6 model 42 stepping 7, cmov, cx8, fxsr, mmx, sse, sse2, sse3, ssse3, sse4.1, sse4.2, popcnt, avx, aes, clmul, ht, tsc, tscinvbit

Memory: 4k page, physical 8388608k(18060k free)

/proc/meminfo:


vm_info: OpenJDK 64-Bit Server VM (25.112-b06) for bsd-amd64 JRE (1.8.0_112-release-b06), built on Dec  6 2016 12:18:58 by "builder" with gcc 4.2.1 (Based on Apple Inc. build 5658) (LLVM build 2336.11.00)

time: Fri Apr 14 14:52:23 2017
elapsed time: 87 seconds (0d 0h 1m 27s)

